Authorized using stored user info.
stderr: 'rm' is not recognized as an internal or external command,
operable program or batch file.

Exporting assets from Unity.............

[ Stage1 ] Assets exported from Unity and staged for further processing
Resources:
{}
[ Stage2 ] Assets postprocessed and bundled successfully
﻿
[ error ] $﻿
Diagnostics gathered successfully
.NET Core 3 runtime not found.
.NET Core 3 runtime not found.
Microsoft (R) Visual C# Compiler version 4.3.1-3.22526.13 (41a5af9d)
Copyright (C) Microsoft Corporation. All rights reserved.


D:\game\ply\Assets\_GAME\PhuongLT\BroomTool.cs(11,25): warning CS0108: 'BroomTool.originalRotation' hides inherited member 'ToolBase.originalRotation'. Use the new keyword if hiding was intended.

D:\game\ply\Assets\_GAME\PhuongLT\UIButtonPulse.cs(17,42): warning CS0649: Field 'UIButtonPulse.landscapeImagePos' is never assigned to, and will always have its default value 
D:\game\ply\Assets\_GAME\PhuongLT\BroomTool.cs(8,44): warning CS0649: Field 'BroomTool.sweepPoint' is never assigned to, and will always have its default value null
D:\game\ply\Assets\_GAME\PhuongLT\Item.cs(25,49): warning CS0649: Field 'Item.dragHighlight' is never assigned to, and will always have its default value null
D:\game\ply\Assets\_GAME\PhuongLT\ToolBase.cs(11,44): warning CS0649: Field 'ToolBase.outPoint' is never assigned to, and will always have its default value null
D:\game\ply\Assets\_GAME\PhuongLT\SquashStretchEffect.cs(8,40): warning CS0649: Field 'SquashStretchEffect.delay' is never assigned to, and will always have its default value 0
D:\game\ply\Assets\_GAME\PhuongLT\Item.cs(10,48): warning CS0649: Field 'Item.validPlaceholders' is never assigned to, and will always have its default value null
D:\game\ply\Assets\1674_lv_draw_eggs\Scripts\ClickMoveToPoint.cs(25,45): warning CS0649: Field 'ClickMoveToPoint.onStartMoving' is never assigned to, and will always have its default value null
D:\game\ply\Assets\_GAME\PhuongLT\Reveal\RevealTutorialManager.cs(17,45): warning CS0649: Field 'RevealTutorialManager.dragSteps' is never assigned to, and will always have its default value null
D:\game\ply\Assets\1674_lv_draw_eggs\Scripts\ClickMoveToPoint.cs(16,39): warning CS0649: Field 'ClickMoveToPoint.useSquashStretch' is never assigned to, and will always have its default value false
D:\game\ply\Assets\_GAME\PhuongLT\ItemGroup.cs(12,44): warning CS0649: Field 'ItemGroup.allCorrectSfx' is never assigned to, and will always have its default value null
D:\game\ply\Assets\1674_lv_draw_eggs\Scripts\PlayVFX.cs(10,41): warning CS0649: Field 'PlayVFX.vfx' is never assigned to, and will always have its default value null

D:\game\ply\Assets\_GAME\PhuongLT\Reveal\RevealTutorialManager.cs(10,47): warning CS0649: Field 'RevealTutorialManager.hand' is never assigned to, and will always have its default value null
D:\game\ply\Assets\1674_lv_draw_eggs\Scripts\ClickMoveToPoint.cs(27,45): warning CS0649: Field 'ClickMoveToPoint.onMoveBackCompleted' is never assigned to, and will always have its default value null
D:\game\ply\Assets\_GAME\PhuongLT\UIButtonPulse.cs(11,48): warning CS0649: Field 'UIButtonPulse.imageRect' is never assigned to, and will always have its default value null
D:\game\ply\Assets\_GAME\PhuongLT\ToolBase.cs(10,44): warning CS0649: Field 'ToolBase.inPoint' is never assigned to, and will always have its default value null

D:\game\ply\Assets\_GAME\PhuongLT\CounterEvent.cs(12,44): warning CS0649: Field 'CounterEvent.sfx' is never assigned to, and will always have its default value null
D:\game\ply\Assets\_GAME\PhuongLT\DragSpeedSound.cs(10,45): warning CS0649: Field 'DragSpeedSound.particleObject' is never assigned to, and will always have its default value null
D:\game\ply\Assets\_GAME\PhuongLT\DragSpeedSound.cs(9,46): warning CS0649: Field 'DragSpeedSound.audioSource' is never assigned to, and will always have its default value null
D:\game\ply\Assets\_GAME\PhuongLT\TutorialHand.cs(10,44): warning CS0649: Field 'TutorialHand.point' is never assigned to, and will always have its default value null

D:\game\ply\Assets\1674_lv_draw_eggs\Scripts\PlayVFX.cs(11,36): warning CS0649: Field 'PlayVFX.audioClip' is never assigned to, and will always have its default value null
D:\game\ply\Assets\_GAME\PhuongLT\Item.cs(11,48): warning CS0649: Field 'Item.requiredPlaceholders' is never assigned to, and will always have its default value null
D:\game\ply\Assets\_GAME\PhuongLT\SquashStretchEffect.cs(12,49): warning CS0649: Field 'SquashStretchEffect.vfx' is never assigned to, and will always have its default value null
D:\game\ply\Assets\_GAME\PhuongLT\Reveal\RevealPen.cs(8,48): warning CS0649: Field 'RevealPen.revealImages' is never assigned to, and will always have its default value null

D:\game\ply\Assets\_GAME\PhuongLT\Reveal\RevealImage.cs(10,43): warning CS0649: Field 'RevealImage.revealMaterial' is never assigned to, and will always have its default value null
D:\game\ply\Assets\_GAME\PhuongLT\Item.cs(15,44): warning CS0649: Field 'Item.pickSfx' is never assigned to, and will always have its default value null
D:\game\ply\Assets\1674_lv_draw_eggs\Scripts\ClickMoveToPoint.cs(10,44): warning CS0649: Field 'ClickMoveToPoint.targetPoint' is never assigned to, and will always have its default value null
D:\game\ply\Assets\_GAME\PhuongLT\TutorialHand.cs(16,49): warning CS0649: Field 'TutorialHand.handSprite' is never assigned to, and will always have its default value null
D:\game\ply\Assets\1674_lv_draw_eggs\Scripts\ClickMoveToPoint.cs(26,45): warning CS0649: Field 'ClickMoveToPoint.onCompleted' is never assigned to, and will always have its default value null

D:\game\ply\Assets\_GAME\PhuongLT\CounterEvent.cs(11,40): warning CS0649: Field 'CounterEvent.delay' is never assigned to, and will always have its default value 0
D:\game\ply\Assets\_GAME\PhuongLT\Reveal\RevealImage.cs(14,39): warning CS0649: Field 'RevealImage.eraseMode' is never assigned to, and will always have its default value false
D:\game\ply\Assets\_GAME\PhuongLT\SquashStretchEffect.cs(11,44): warning CS0649: Field 'SquashStretchEffect.sfx' is never assigned to, and will always have its default value null
D:\game\ply\Assets\_GAME\PhuongLT\AudioManager.cs(9,46): warning CS0649: Field 'AudioManager.bgmAudioSource' is never assigned to, and will always have its default value null
D:\game\ply\Assets\_GAME\PhuongLT\AudioManager.cs(10,44): warning CS0649: Field 'AudioManager.bgmClip' is never assigned to, and will always have its default value null

D:\game\ply\Assets\_GAME\PhuongLT\Reveal\RevealImage.cs(9,49): warning CS0649: Field 'RevealImage.spriteRenderer' is never assigned to, and will always have its default value null
D:\game\ply\Assets\_GAME\PhuongLT\Reveal\RevealTutorialManager.cs(14,44): warning CS0649: Field 'RevealTutorialManager.clickTarget' is never assigned to, and will always have its default value null
D:\game\ply\Assets\_GAME\PhuongLT\UIButtonPulse.cs(10,41): warning CS0649: Field 'UIButtonPulse.button' is never assigned to, and will always have its default value null
D:\game\ply\Assets\_GAME\PhuongLT\Reveal\RevealPen.cs(7,44): warning CS0649: Field 'RevealPen.penTip' is never assigned to, and will always have its default value null
D:\game\ply\Assets\_GAME\PhuongLT\BroomTool.cs(9,45): warning CS0649: Field 'BroomTool.sweepParticle' is never assigned to, and will always have its default value null
D:\game\ply\Assets\_GAME\PhuongLT\AudioManager.cs(8,46): warning CS0649: Field 'AudioManager.sfxAudioSource' is never assigned to, and will always have its default value null
D:\game\ply\Assets\1674_lv_draw_eggs\Scripts\ClickMoveToPoint.cs(22,40): warning CS0649: Field 'ClickMoveToPoint.moveBackDelay' is never assigned to, and will always have its default value 0
D:\game\ply\Assets\_GAME\PhuongLT\Reveal\RevealImage.cs(16,44): warning CS0649: Field 'RevealImage.completeSfx' is never assigned to, and will always have its default value null
D:\game\ply\Assets\1674_lv_draw_eggs\Scripts\ClickMoveToPoint.cs(17,40): warning CS0649: Field 'ClickMoveToPoint.squashDelay' is never assigned to, and will always have its default value 0
D:\game\ply\Assets\_GAME\PhuongLT\UIButtonPulse.cs(18,42): warning CS0649: Field 'UIButtonPulse.landscapeButtonPos' is never assigned to, and will always have its default value 
D:\game\ply\Assets\1674_lv_draw_eggs\Scripts\ClickMoveToPoint.cs(13,44): warning CS0649: Field 'ClickMoveToPoint.moveSfx' is never assigned to, and will always have its default value null
D:\game\ply\Assets\_GAME\PhuongLT\ItemGroup.cs(11,45): warning CS0649: Field 'ItemGroup.onAllCorrect' is never assigned to, and will always have its default value null
D:\game\ply\Assets\_GAME\PhuongLT\Placeholder.cs(19,17): warning CS0414: The field 'Placeholder.blinkDuration' is assigned but its value is never used

Usercode compiled successfully!
.NET Core 3 runtime not found.
.NET Core 3 runtime not found.
code-v2:compose complete successfully!
Authorized using stored user info.
MSBuild version 17.14.40+3e7442088 for .NET Framework

Build started 4/16/2026 2:05:10 PM.



Project "C:\Users\Admin\Downloads\7.1.0\pipeline\templates\LunaCompiler\Scripts\Scripts.csproj" on node 1 (Rebuild target(s)).
CoreClean:
  Deleting file "C:\Users\Admin\Downloads\7.1.0\pipeline\templates\LunaCompiler\Scripts\bin\Debug\UnityScriptsCompiler.dll".

  Deleting file "C:\Users\Admin\Downloads\7.1.0\pipeline\templates\LunaCompiler\Scripts\bin\Debug\UnityScriptsCompiler.pdb".

  Deleting file "C:\Users\Admin\Downloads\7.1.0\pipeline\templates\LunaCompiler\Scripts\bin\Debug\Bridge.dll".

  Deleting file "C:\Users\Admin\Downloads\7.1.0\pipeline\templates\LunaCompiler\Scripts\bin\Debug\Bridge.Html5.dll".

  Deleting file "C:\Users\Admin\Downloads\7.1.0\pipeline\templates\LunaCompiler\Scripts\bin\Debug\Bridge.WebGL.dll".

  Deleting file "C:\Users\Admin\Downloads\7.1.0\pipeline\templates\LunaCompiler\Scripts\bin\Debug\DOTween.dll".

  Deleting file "C:\Users\Admin\Downloads\7.1.0\pipeline\templates\LunaCompiler\Scripts\bin\Debug\JetBrains.dll".

  Deleting file "C:\Users\Admin\Downloads\7.1.0\pipeline\templates\LunaCompiler\Scripts\bin\Debug\Newtonsoft.Json.dll".

  Deleting file "C:\Users\Admin\Downloads\7.1.0\pipeline\templates\LunaCompiler\Scripts\bin\Debug\Retyped.Core.dll".

  Deleting file "C:\Users\Admin\Downloads\7.1.0\pipeline\templates\LunaCompiler\Scripts\bin\Debug\Retyped.dom.dll".

  Deleting file "C:\Users\Admin\Downloads\7.1.0\pipeline\templates\LunaCompiler\Scripts\bin\Debug\Retyped.es5.dll".

  Deleting file "C:\Users\Admin\Downloads\7.1.0\pipeline\templates\LunaCompiler\Scripts\bin\Debug\Retyped.scripthost.dll".

  Deleting file "C:\Users\Admin\Downloads\7.1.0\pipeline\templates\LunaCompiler\Scripts\bin\Debug\TextMeshPro.dll".

  Deleting file "C:\Users\Admin\Downloads\7.1.0\pipeline\templates\LunaCompiler\Scripts\bin\Debug\UnityEngine.dll".

  Deleting file "C:\Users\Admin\Downloads\7.1.0\pipeline\templates\LunaCompiler\Scripts\bin\Debug\UnityEngine.UI.dll".

  Deleting file "C:\Users\Admin\Downloads\7.1.0\pipeline\templates\LunaCompiler\Scripts\bin\Debug\UnityEngine.UniversalRenderPipeline.dll".

  Deleting file "C:\Users\Admin\Downloads\7.1.0\pipeline\templates\LunaCompiler\Scripts\bin\Debug\Bridge.xml".

  Deleting file "C:\Users\Admin\Downloads\7.1.0\pipeline\templates\LunaCompiler\Scripts\bin\Debug\Bridge.Html5.xml".

  Deleting file "C:\Users\Admin\Downloads\7.1.0\pipeline\templates\LunaCompiler\Scripts\bin\Debug\Bridge.WebGL.xml".

  Deleting file "C:\Users\Admin\Downloads\7.1.0\pipeline\templates\LunaCompiler\Scripts\bin\Debug\Newtonsoft.Json.xml".

  Deleting file "C:\Users\Admin\Downloads\7.1.0\pipeline\templates\LunaCompiler\Scripts\bin\Debug\Retyped.Core.xml".

  Deleting file "C:\Users\Admin\Downloads\7.1.0\pipeline\templates\LunaCompiler\Scripts\bin\Debug\Retyped.dom.xml".

  Deleting file "C:\Users\Admin\Downloads\7.1.0\pipeline\templates\LunaCompiler\Scripts\bin\Debug\Retyped.es5.xml".

  Deleting file "C:\Users\Admin\Downloads\7.1.0\pipeline\templates\LunaCompiler\Scripts\bin\Debug\Retyped.scripthost.xml".

  Deleting file "C:\Users\Admin\Downloads\7.1.0\pipeline\templates\LunaCompiler\Scripts\obj\Debug\Scripts.csproj.AssemblyReference.cache".

  Deleting file "C:\Users\Admin\Downloads\7.1.0\pipeline\templates\LunaCompiler\Scripts\obj\Debug\Scripts.csproj.CoreCompileInputs.cache".

  Deleting file "C:\Users\Admin\Downloads\7.1.0\pipeline\templates\LunaCompiler\Scripts\obj\Debug\Scripts.csproj.Up2Date".

  Deleting file "C:\Users\Admin\Downloads\7.1.0\pipeline\templates\LunaCompiler\Scripts\obj\Debug\UnityScriptsCompiler.dll".

  Deleting file "C:\Users\Admin\Downloads\7.1.0\pipeline\templates\LunaCompiler\Scripts\obj\Debug\UnityScriptsCompiler.pdb".

GenerateTargetFrameworkMonikerAttribute:
Skipping target "GenerateTargetFrameworkMonikerAttribute" because all output files are up-to-date with respect to the input files.

CoreCompile:
  C:\Program Files (x86)\Microsoft Visual Studio\2022\BuildTools\MSBuild\Current\Bin\Roslyn\csc.exe /noconfig /nowarn:CS0626,1701,1702 /fullpaths /nostdlib+ /errorreport:prompt /warn:4 /define:UNITY_LUNA;CSHARP_7_OR_LATER;CSHARP_7_3_OR_NEWER;UNITY_5_3_OR_NEWER;UNITY_5_4_OR_NEWER;UNITY_5_5_OR_NEWER;UNITY_2022;UNITY_2017_1_OR_NEWER;UNITY_2017_2_OR_NEWER;UNITY_2017_3_OR_NEWER;UNITY_2017_4_OR_NEWER;UNITY_2018_1_OR_NEWER;UNITY_2018_2_OR_NEWER;UNITY_2018_3_OR_NEWER;UNITY_2018_4_OR_NEWER;UNITY_2019_1_OR_NEWER;UNITY_2019_2_OR_NEWER;UNITY_2019_3_OR_NEWER;UNITY_2019_4_OR_NEWER;UNITY_2020_1_OR_NEWER;UNITY_2020_2_OR_NEWER;UNITY_2020_3_OR_NEWER;UNITY_2021_1_OR_NEWER;UNITY_2021_2_OR_NEWER;UNITY_2021_3_OR_NEWER;UNITY_2022_1_OR_NEWER;UNITY_2022_2_OR_NEWER;UNITY_2022_3_OR_NEWER;UNITY_2022_3;UNITY_2022_3_62 /highentropyva+ /reference:C:\Users\Admin\Downloads\7.1.0\pipeline\templates\LunaCompiler\packages\Bridge.Core.17.9.42-luna\lib\net40\Bridge.dll /reference:C:\Users\Admin\Downloads\7.1.0\pipeline\templates\LunaCompiler\packages\Bridge.Html5.17.9.0\lib\net40\Bridge.Html5.dll /reference:C:\Users\Admin\Downloads\7.1.0\pipeline\templates\LunaCompiler\packages\Bridge.WebGL.1.22.0\lib\net40\Bridge.WebGL.dll /reference:C:\Users\Admin\Downloads\7.1.0\pipeline\templates\LunaCompiler\packages\DOTween.1.2.705\lib\net40\DOTween.dll /reference:C:\Users\Admin\Downloads\7.1.0\pipeline\templates\LunaCompiler\packages\com.unity.ide.rider\3.0.0\JetBrains.dll /reference:C:\Users\Admin\Downloads\7.1.0\pipeline\templates\LunaCompiler\packages\Bridge.Newtonsoft.Json.1.16.0\lib\net40\Newtonsoft.Json.dll /reference:C:\Users\Admin\Downloads\7.1.0\pipeline\templates\LunaCompiler\packages\Retyped.Core.1.6.6733\lib\net40\Retyped.Core.dll /reference:C:\Users\Admin\Downloads\7.1.0\pipeline\templates\LunaCompiler\packages\Retyped.dom.2.8.6733\lib\net40\Retyped.dom.dll /reference:C:\Users\Admin\Downloads\7.1.0\pipeline\templates\LunaCompiler\packages\Retyped.es5.2.8.6733\lib\net40\Retyped.es5.dll /reference:C:\Users\Admin\Downloads\7.1.0\pipeline\templates\LunaCompiler\packages\Retyped.scripthost.2.8.6733\lib\net40\Retyped.scripthost.dll /reference:C:\Users\Admin\Downloads\7.1.0\pipeline\templates\LunaCompiler\packages\com.unity.textmeshpro\3.0.6\TextMeshPro.dll /reference:C:\Users\Admin\Downloads\7.1.0\pipeline\templates\LunaCompiler\Scripts\Vendor\UnityEngine.dll /reference:C:\Users\Admin\Downloads\7.1.0\pipeline\templates\LunaCompiler\packages\com.unity.ui\1.2.1\UnityEngine.UI.dll /reference:C:\Users\Admin\Downloads\7.1.0\pipeline\templates\LunaCompiler\packages\com.unity.urp\7.6\UnityEngine.UniversalRenderPipeline.dll /debug+ /debug:full /optimize- /out:obj\Debug\UnityScriptsCompiler.dll /subsystemversion:6.00 /target:library /warnaserror- /utf8output /langversion:8 D:\game\ply\LunaTemp\Assemblies\stage_2\decompiled\DG\Tweening\DOTweenCYInstruction.cs D:\game\ply\LunaTemp\Assemblies\stage_2\decompiled\DG\Tweening\DOTweenModuleAudio.cs D:\game\ply\LunaTemp\Assemblies\stage_2\decompiled\DG\Tweening\DOTweenModulePhysics.cs D:\game\ply\LunaTemp\Assemblies\stage_2\decompiled\DG\Tweening\DOTweenModulePhysics2D.cs D:\game\ply\LunaTemp\Assemblies\stage_2\decompiled\DG\Tweening\DOTweenModuleSprite.cs D:\game\ply\LunaTemp\Assemblies\stage_2\decompiled\DG\Tweening\DOTweenModuleUI.cs D:\game\ply\LunaTemp\Assemblies\stage_2\decompiled\DG\Tweening\DOTweenModuleUnityVersion.cs D:\game\ply\LunaTemp\Assemblies\stage_2\decompiled\DG\Tweening\DOTweenModuleUtils.cs D:\game\ply\LunaTemp\Assemblies\stage_2\decompiled\LTPHUONG\AudioManager.cs D:\game\ply\LunaTemp\Assemblies\stage_2\decompiled\LTPHUONG\BroomTool.cs D:\game\ply\LunaTemp\Assemblies\stage_2\decompiled\LTPHUONG\CameraFit.cs D:\game\ply\LunaTemp\Assemblies\stage_2\decompiled\LTPHUONG\ClickController.cs D:\game\ply\LunaTemp\Assemblies\stage_2\decompiled\LTPHUONG\ClickMoveToPoint.cs D:\game\ply\LunaTemp\Assemblies\stage_2\decompiled\LTPHUONG\CounterEvent.cs D:\game\ply\LunaTemp\Assemblies\stage_2\decompiled\LTPHUONG\DragBase.cs D:\game\ply\LunaTemp\Assemblies\stage_2\decompiled\LTPHUONG\DragSpeedSound.cs D:\game\ply\LunaTemp\Assemblies\stage_2\decompiled\LTPHUONG\FadeSprite.cs D:\game\ply\LunaTemp\Assemblies\stage_2\decompiled\LTPHUONG\GameState.cs D:\game\ply\LunaTemp\Assemblies\stage_2\decompiled\LTPHUONG\InteractableBase.cs D:\game\ply\LunaTemp\Assemblies\stage_2\decompiled\LTPHUONG\Item.cs D:\game\ply\LunaTemp\Assemblies\stage_2\decompiled\LTPHUONG\ItemBase.cs D:\game\ply\LunaTemp\Assemblies\stage_2\decompiled\LTPHUONG\ItemGroup.cs D:\game\ply\LunaTemp\Assemblies\stage_2\decompiled\LTPHUONG\Placeholder.cs D:\game\ply\LunaTemp\Assemblies\stage_2\decompiled\LTPHUONG\PlayVFX.cs D:\game\ply\LunaTemp\Assemblies\stage_2\decompiled\LTPHUONG\RevealImage.cs D:\game\ply\LunaTemp\Assemblies\stage_2\decompiled\LTPHUONG\RevealPen.cs D:\game\ply\LunaTemp\Assemblies\stage_2\decompiled\LTPHUONG\RevealTutorialManager.cs D:\game\ply\LunaTemp\Assemblies\stage_2\decompiled\LTPHUONG\SquashStretchEffect.cs D:\game\ply\LunaTemp\Assemblies\stage_2\decompiled\LTPHUONG\ToolBase.cs D:\game\ply\LunaTemp\Assemblies\stage_2\decompiled\LTPHUONG\ToolBaseGroup.cs D:\game\ply\LunaTemp\Assemblies\stage_2\decompiled\LTPHUONG\TutorialHand.cs D:\game\ply\LunaTemp\Assemblies\stage_2\decompiled\LTPHUONG\UIButtonPulse.cs D:\game\ply\LunaTemp\Assemblies\stage_2\decompiled\LTPHUONG\WebItem.cs D:\game\ply\LunaTemp\Assemblies\stage_2\decompiled\Properties\AssemblyInfo.cs D:\game\ply\LunaTemp\Assemblies\stage_2\decompiled\Satisgame\EmojiControl.cs "obj\Debug\.NETFramework,Version=v4.7.AssemblyAttributes.cs"

D:\game\ply\LunaTemp\Assemblies\stage_2\decompiled\LTPHUONG\BroomTool.cs(12,22): warning CS0649: Field 'BroomTool.sweepParticle' is never assigned to, and will always have its default value null [C:\Users\Admin\Downloads\7.1.0\pipeline\templates\LunaCompiler\Scripts\Scripts.csproj]

D:\game\ply\LunaTemp\Assemblies\stage_2\decompiled\LTPHUONG\UIButtonPulse.cs(14,25): warning CS0649: Field 'UIButtonPulse.imageRect' is never assigned to, and will always have its default value null [C:\Users\Admin\Downloads\7.1.0\pipeline\templates\LunaCompiler\Scripts\Scripts.csproj]
D:\game\ply\LunaTemp\Assemblies\stage_2\decompiled\LTPHUONG\AudioManager.cs(15,21): warning CS0649: Field 'AudioManager.bgmClip' is never assigned to, and will always have its default value null [C:\Users\Admin\Downloads\7.1.0\pipeline\templates\LunaCompiler\Scripts\Scripts.csproj]
D:\game\ply\LunaTemp\Assemblies\stage_2\decompiled\LTPHUONG\UIButtonPulse.cs(11,18): warning CS0649: Field 'UIButtonPulse.button' is never assigned to, and will always have its default value null [C:\Users\Admin\Downloads\7.1.0\pipeline\templates\LunaCompiler\Scripts\Scripts.csproj]
D:\game\ply\LunaTemp\Assemblies\stage_2\decompiled\LTPHUONG\ClickMoveToPoint.cs(22,17): warning CS0649: Field 'ClickMoveToPoint.squashDelay' is never assigned to, and will always have its default value 0 [C:\Users\Admin\Downloads\7.1.0\pipeline\templates\LunaCompiler\Scripts\Scripts.csproj]
D:\game\ply\LunaTemp\Assemblies\stage_2\decompiled\LTPHUONG\Item.cs(22,21): warning CS0649: Field 'Item.pickSfx' is never assigned to, and will always have its default value null [C:\Users\Admin\Downloads\7.1.0\pipeline\templates\LunaCompiler\Scripts\Scripts.csproj]
D:\game\ply\LunaTemp\Assemblies\stage_2\decompiled\LTPHUONG\ItemGroup.cs(14,22): warning CS0649: Field 'ItemGroup.onAllCorrect' is never assigned to, and will always have its default value null [C:\Users\Admin\Downloads\7.1.0\pipeline\templates\LunaCompiler\Scripts\Scripts.csproj]
D:\game\ply\LunaTemp\Assemblies\stage_2\decompiled\LTPHUONG\Item.cs(15,25): warning CS0649: Field 'Item.requiredPlaceholders' is never assigned to, and will always have its default value null [C:\Users\Admin\Downloads\7.1.0\pipeline\templates\LunaCompiler\Scripts\Scripts.csproj]
D:\game\ply\LunaTemp\Assemblies\stage_2\decompiled\LTPHUONG\SquashStretchEffect.cs(21,26): warning CS0649: Field 'SquashStretchEffect.vfx' is never assigned to, and will always have its default value null [C:\Users\Admin\Downloads\7.1.0\pipeline\templates\LunaCompiler\Scripts\Scripts.csproj]
D:\game\ply\LunaTemp\Assemblies\stage_2\decompiled\LTPHUONG\ItemGroup.cs(17,21): warning CS0649: Field 'ItemGroup.allCorrectSfx' is never assigned to, and will always have its default value null [C:\Users\Admin\Downloads\7.1.0\pipeline\templates\LunaCompiler\Scripts\Scripts.csproj]
D:\game\ply\LunaTemp\Assemblies\stage_2\decompiled\LTPHUONG\TutorialHand.cs(25,26): warning CS0649: Field 'TutorialHand.handSprite' is never assigned to, and will always have its default value null [C:\Users\Admin\Downloads\7.1.0\pipeline\templates\LunaCompiler\Scripts\Scripts.csproj]

D:\game\ply\LunaTemp\Assemblies\stage_2\decompiled\LTPHUONG\RevealImage.cs(13,20): warning CS0649: Field 'RevealImage.revealMaterial' is never assigned to, and will always have its default value null [C:\Users\Admin\Downloads\7.1.0\pipeline\templates\LunaCompiler\Scripts\Scripts.csproj]
D:\game\ply\LunaTemp\Assemblies\stage_2\decompiled\LTPHUONG\ToolBase.cs(11,21): warning CS0649: Field 'ToolBase.inPoint' is never assigned to, and will always have its default value null [C:\Users\Admin\Downloads\7.1.0\pipeline\templates\LunaCompiler\Scripts\Scripts.csproj]
D:\game\ply\LunaTemp\Assemblies\stage_2\decompiled\LTPHUONG\RevealPen.cs(8,21): warning CS0649: Field 'RevealPen.penTip' is never assigned to, and will always have its default value null [C:\Users\Admin\Downloads\7.1.0\pipeline\templates\LunaCompiler\Scripts\Scripts.csproj]
D:\game\ply\LunaTemp\Assemblies\stage_2\decompiled\LTPHUONG\DragSpeedSound.cs(13,23): warning CS0649: Field 'DragSpeedSound.audioSource' is never assigned to, and will always have its default value null [C:\Users\Admin\Downloads\7.1.0\pipeline\templates\LunaCompiler\Scripts\Scripts.csproj]
D:\game\ply\LunaTemp\Assemblies\stage_2\decompiled\LTPHUONG\ClickMoveToPoint.cs(39,22): warning CS0649: Field 'ClickMoveToPoint.onCompleted' is never assigned to, and will always have its default value null [C:\Users\Admin\Downloads\7.1.0\pipeline\templates\LunaCompiler\Scripts\Scripts.csproj]

D:\game\ply\LunaTemp\Assemblies\stage_2\decompiled\LTPHUONG\RevealTutorialManager.cs(22,24): warning CS0649: Field 'RevealTutorialManager.hand' is never assigned to, and will always have its default value null [C:\Users\Admin\Downloads\7.1.0\pipeline\templates\LunaCompiler\Scripts\Scripts.csproj]

D:\game\ply\LunaTemp\Assemblies\stage_2\decompiled\LTPHUONG\RevealImage.cs(31,21): warning CS0649: Field 'RevealImage.completeSfx' is never assigned to, and will always have its default value null [C:\Users\Admin\Downloads\7.1.0\pipeline\templates\LunaCompiler\Scripts\Scripts.csproj]
D:\game\ply\LunaTemp\Assemblies\stage_2\decompiled\LTPHUONG\AudioManager.cs(9,23): warning CS0649: Field 'AudioManager.sfxAudioSource' is never assigned to, and will always have its default value null [C:\Users\Admin\Downloads\7.1.0\pipeline\templates\LunaCompiler\Scripts\Scripts.csproj]
D:\game\ply\LunaTemp\Assemblies\stage_2\decompiled\LTPHUONG\DragSpeedSound.cs(16,22): warning CS0649: Field 'DragSpeedSound.particleObject' is never assigned to, and will always have its default value null [C:\Users\Admin\Downloads\7.1.0\pipeline\templates\LunaCompiler\Scripts\Scripts.csproj]
D:\game\ply\LunaTemp\Assemblies\stage_2\decompiled\LTPHUONG\BroomTool.cs(9,21): warning CS0649: Field 'BroomTool.sweepPoint' is never assigned to, and will always have its default value null [C:\Users\Admin\Downloads\7.1.0\pipeline\templates\LunaCompiler\Scripts\Scripts.csproj]
D:\game\ply\LunaTemp\Assemblies\stage_2\decompiled\LTPHUONG\CounterEvent.cs(17,21): warning CS0649: Field 'CounterEvent.sfx' is never assigned to, and will always have its default value null [C:\Users\Admin\Downloads\7.1.0\pipeline\templates\LunaCompiler\Scripts\Scripts.csproj]
D:\game\ply\LunaTemp\Assemblies\stage_2\decompiled\LTPHUONG\PlayVFX.cs(8,26): warning CS0649: Field 'PlayVFX.vfx' is never assigned to, and will always have its default value null [C:\Users\Admin\Downloads\7.1.0\pipeline\templates\LunaCompiler\Scripts\Scripts.csproj]
D:\game\ply\LunaTemp\Assemblies\stage_2\decompiled\LTPHUONG\ClickMoveToPoint.cs(11,21): warning CS0649: Field 'ClickMoveToPoint.targetPoint' is never assigned to, and will always have its default value null [C:\Users\Admin\Downloads\7.1.0\pipeline\templates\LunaCompiler\Scripts\Scripts.csproj]
D:\game\ply\LunaTemp\Assemblies\stage_2\decompiled\LTPHUONG\ClickMoveToPoint.cs(32,17): warning CS0649: Field 'ClickMoveToPoint.moveBackDelay' is never assigned to, and will always have its default value 0 [C:\Users\Admin\Downloads\7.1.0\pipeline\templates\LunaCompiler\Scripts\Scripts.csproj]
D:\game\ply\LunaTemp\Assemblies\stage_2\decompiled\LTPHUONG\RevealTutorialManager.cs(33,22): warning CS0649: Field 'RevealTutorialManager.dragSteps' is never assigned to, and will always have its default value null [C:\Users\Admin\Downloads\7.1.0\pipeline\templates\LunaCompiler\Scripts\Scripts.csproj]

D:\game\ply\LunaTemp\Assemblies\stage_2\decompiled\LTPHUONG\RevealImage.cs(25,16): warning CS0649: Field 'RevealImage.eraseMode' is never assigned to, and will always have its default value false [C:\Users\Admin\Downloads\7.1.0\pipeline\templates\LunaCompiler\Scripts\Scripts.csproj]
D:\game\ply\LunaTemp\Assemblies\stage_2\decompiled\LTPHUONG\Item.cs(47,26): warning CS0649: Field 'Item.dragHighlight' is never assigned to, and will always have its default value null [C:\Users\Admin\Downloads\7.1.0\pipeline\templates\LunaCompiler\Scripts\Scripts.csproj]
D:\game\ply\LunaTemp\Assemblies\stage_2\decompiled\LTPHUONG\Item.cs(12,25): warning CS0649: Field 'Item.validPlaceholders' is never assigned to, and will always have its default value null [C:\Users\Admin\Downloads\7.1.0\pipeline\templates\LunaCompiler\Scripts\Scripts.csproj]

D:\game\ply\LunaTemp\Assemblies\stage_2\decompiled\LTPHUONG\AudioManager.cs(12,23): warning CS0649: Field 'AudioManager.bgmAudioSource' is never assigned to, and will always have its default value null [C:\Users\Admin\Downloads\7.1.0\pipeline\templates\LunaCompiler\Scripts\Scripts.csproj]

D:\game\ply\LunaTemp\Assemblies\stage_2\decompiled\LTPHUONG\SquashStretchEffect.cs(18,21): warning CS0649: Field 'SquashStretchEffect.sfx' is never assigned to, and will always have its default value null [C:\Users\Admin\Downloads\7.1.0\pipeline\templates\LunaCompiler\Scripts\Scripts.csproj]

D:\game\ply\LunaTemp\Assemblies\stage_2\decompiled\LTPHUONG\ClickMoveToPoint.cs(36,22): warning CS0649: Field 'ClickMoveToPoint.onStartMoving' is never assigned to, and will always have its default value null [C:\Users\Admin\Downloads\7.1.0\pipeline\templates\LunaCompiler\Scripts\Scripts.csproj]

D:\game\ply\LunaTemp\Assemblies\stage_2\decompiled\LTPHUONG\PlayVFX.cs(11,21): warning CS0649: Field 'PlayVFX.audioClip' is never assigned to, and will always have its default value null [C:\Users\Admin\Downloads\7.1.0\pipeline\templates\LunaCompiler\Scripts\Scripts.csproj]
D:\game\ply\LunaTemp\Assemblies\stage_2\decompiled\LTPHUONG\SquashStretchEffect.cs(9,17): warning CS0649: Field 'SquashStretchEffect.delay' is never assigned to, and will always have its default value 0 [C:\Users\Admin\Downloads\7.1.0\pipeline\templates\LunaCompiler\Scripts\Scripts.csproj]
D:\game\ply\LunaTemp\Assemblies\stage_2\decompiled\LTPHUONG\UIButtonPulse.cs(27,19): warning CS0649: Field 'UIButtonPulse.landscapeImagePos' is never assigned to, and will always have its default value [C:\Users\Admin\Downloads\7.1.0\pipeline\templates\LunaCompiler\Scripts\Scripts.csproj]

D:\game\ply\LunaTemp\Assemblies\stage_2\decompiled\LTPHUONG\CounterEvent.cs(14,17): warning CS0649: Field 'CounterEvent.delay' is never assigned to, and will always have its default value 0 [C:\Users\Admin\Downloads\7.1.0\pipeline\templates\LunaCompiler\Scripts\Scripts.csproj]
D:\game\ply\LunaTemp\Assemblies\stage_2\decompiled\LTPHUONG\RevealImage.cs(10,26): warning CS0649: Field 'RevealImage.spriteRenderer' is never assigned to, and will always have its default value null [C:\Users\Admin\Downloads\7.1.0\pipeline\templates\LunaCompiler\Scripts\Scripts.csproj]

D:\game\ply\LunaTemp\Assemblies\stage_2\decompiled\LTPHUONG\ClickMoveToPoint.cs(19,16): warning CS0649: Field 'ClickMoveToPoint.useSquashStretch' is never assigned to, and will always have its default value false [C:\Users\Admin\Downloads\7.1.0\pipeline\templates\LunaCompiler\Scripts\Scripts.csproj]
D:\game\ply\LunaTemp\Assemblies\stage_2\decompiled\LTPHUONG\ClickMoveToPoint.cs(15,21): warning CS0649: Field 'ClickMoveToPoint.moveSfx' is never assigned to, and will always have its default value null [C:\Users\Admin\Downloads\7.1.0\pipeline\templates\LunaCompiler\Scripts\Scripts.csproj]

D:\game\ply\LunaTemp\Assemblies\stage_2\decompiled\LTPHUONG\ToolBase.cs(14,21): warning CS0649: Field 'ToolBase.outPoint' is never assigned to, and will always have its default value null [C:\Users\Admin\Downloads\7.1.0\pipeline\templates\LunaCompiler\Scripts\Scripts.csproj]

D:\game\ply\LunaTemp\Assemblies\stage_2\decompiled\LTPHUONG\ClickMoveToPoint.cs(42,22): warning CS0649: Field 'ClickMoveToPoint.onMoveBackCompleted' is never assigned to, and will always have its default value null [C:\Users\Admin\Downloads\7.1.0\pipeline\templates\LunaCompiler\Scripts\Scripts.csproj]

D:\game\ply\LunaTemp\Assemblies\stage_2\decompiled\LTPHUONG\RevealPen.cs(11,25): warning CS0649: Field 'RevealPen.revealImages' is never assigned to, and will always have its default value null [C:\Users\Admin\Downloads\7.1.0\pipeline\templates\LunaCompiler\Scripts\Scripts.csproj]

D:\game\ply\LunaTemp\Assemblies\stage_2\decompiled\LTPHUONG\UIButtonPulse.cs(30,19): warning CS0649: Field 'UIButtonPulse.landscapeButtonPos' is never assigned to, and will always have its default value [C:\Users\Admin\Downloads\7.1.0\pipeline\templates\LunaCompiler\Scripts\Scripts.csproj]

D:\game\ply\LunaTemp\Assemblies\stage_2\decompiled\LTPHUONG\RevealTutorialManager.cs(29,21): warning CS0649: Field 'RevealTutorialManager.clickTarget' is never assigned to, and will always have its default value null [C:\Users\Admin\Downloads\7.1.0\pipeline\templates\LunaCompiler\Scripts\Scripts.csproj]

D:\game\ply\LunaTemp\Assemblies\stage_2\decompiled\LTPHUONG\TutorialHand.cs(10,21): warning CS0649: Field 'TutorialHand.point' is never assigned to, and will always have its default value null [C:\Users\Admin\Downloads\7.1.0\pipeline\templates\LunaCompiler\Scripts\Scripts.csproj]

D:\game\ply\LunaTemp\Assemblies\stage_2\decompiled\LTPHUONG\Placeholder.cs(18,17): warning CS0414: The field 'Placeholder.blinkDuration' is assigned but its value is never used [C:\Users\Admin\Downloads\7.1.0\pipeline\templates\LunaCompiler\Scripts\Scripts.csproj]

  CompilerServer: server - server processed compilation - Scripts

_CopyFilesMarkedCopyLocal:
  Copying file from "C:\Users\Admin\Downloads\7.1.0\pipeline\templates\LunaCompiler\packages\Bridge.Html5.17.9.0\lib\net40\Bridge.Html5.dll" to "C:\Users\Admin\Downloads\7.1.0\pipeline\templates\LunaCompiler\Scripts\bin\Debug\Bridge.Html5.dll".

  Copying file from "C:\Users\Admin\Downloads\7.1.0\pipeline\templates\LunaCompiler\packages\Bridge.Core.17.9.42-luna\lib\net40\Bridge.dll" to "C:\Users\Admin\Downloads\7.1.0\pipeline\templates\LunaCompiler\Scripts\bin\Debug\Bridge.dll".
  Copying file from "C:\Users\Admin\Downloads\7.1.0\pipeline\templates\LunaCompiler\packages\Bridge.WebGL.1.22.0\lib\net40\Bridge.WebGL.dll" to "C:\Users\Admin\Downloads\7.1.0\pipeline\templates\LunaCompiler\Scripts\bin\Debug\Bridge.WebGL.dll".

  Copying file from "C:\Users\Admin\Downloads\7.1.0\pipeline\templates\LunaCompiler\packages\DOTween.1.2.705\lib\net40\DOTween.dll" to "C:\Users\Admin\Downloads\7.1.0\pipeline\templates\LunaCompiler\Scripts\bin\Debug\DOTween.dll".

  Copying file from "C:\Users\Admin\Downloads\7.1.0\pipeline\templates\LunaCompiler\packages\Bridge.Newtonsoft.Json.1.16.0\lib\net40\Newtonsoft.Json.dll" to "C:\Users\Admin\Downloads\7.1.0\pipeline\templates\LunaCompiler\Scripts\bin\Debug\Newtonsoft.Json.dll".
  Copying file from "C:\Users\Admin\Downloads\7.1.0\pipeline\templates\LunaCompiler\packages\com.unity.ide.rider\3.0.0\JetBrains.dll" to "C:\Users\Admin\Downloads\7.1.0\pipeline\templates\LunaCompiler\Scripts\bin\Debug\JetBrains.dll".

  Copying file from "C:\Users\Admin\Downloads\7.1.0\pipeline\templates\LunaCompiler\packages\Retyped.Core.1.6.6733\lib\net40\Retyped.Core.dll" to "C:\Users\Admin\Downloads\7.1.0\pipeline\templates\LunaCompiler\Scripts\bin\Debug\Retyped.Core.dll".

  Copying file from "C:\Users\Admin\Downloads\7.1.0\pipeline\templates\LunaCompiler\packages\Retyped.es5.2.8.6733\lib\net40\Retyped.es5.dll" to "C:\Users\Admin\Downloads\7.1.0\pipeline\templates\LunaCompiler\Scripts\bin\Debug\Retyped.es5.dll".

  Copying file from "C:\Users\Admin\Downloads\7.1.0\pipeline\templates\LunaCompiler\packages\Retyped.dom.2.8.6733\lib\net40\Retyped.dom.dll" to "C:\Users\Admin\Downloads\7.1.0\pipeline\templates\LunaCompiler\Scripts\bin\Debug\Retyped.dom.dll".

  Copying file from "C:\Users\Admin\Downloads\7.1.0\pipeline\templates\LunaCompiler\packages\Retyped.scripthost.2.8.6733\lib\net40\Retyped.scripthost.dll" to "C:\Users\Admin\Downloads\7.1.0\pipeline\templates\LunaCompiler\Scripts\bin\Debug\Retyped.scripthost.dll".

  Copying file from "C:\Users\Admin\Downloads\7.1.0\pipeline\templates\LunaCompiler\Scripts\Vendor\UnityEngine.dll" to "C:\Users\Admin\Downloads\7.1.0\pipeline\templates\LunaCompiler\Scripts\bin\Debug\UnityEngine.dll".
  Copying file from "C:\Users\Admin\Downloads\7.1.0\pipeline\templates\LunaCompiler\packages\com.unity.textmeshpro\3.0.6\TextMeshPro.dll" to "C:\Users\Admin\Downloads\7.1.0\pipeline\templates\LunaCompiler\Scripts\bin\Debug\TextMeshPro.dll".

  Copying file from "C:\Users\Admin\Downloads\7.1.0\pipeline\templates\LunaCompiler\packages\com.unity.ui\1.2.1\UnityEngine.UI.dll" to "C:\Users\Admin\Downloads\7.1.0\pipeline\templates\LunaCompiler\Scripts\bin\Debug\UnityEngine.UI.dll".

  Copying file from "C:\Users\Admin\Downloads\7.1.0\pipeline\templates\LunaCompiler\packages\Bridge.Html5.17.9.0\lib\net40\Bridge.Html5.xml" to "C:\Users\Admin\Downloads\7.1.0\pipeline\templates\LunaCompiler\Scripts\bin\Debug\Bridge.Html5.xml".

  Copying file from "C:\Users\Admin\Downloads\7.1.0\pipeline\templates\LunaCompiler\packages\Bridge.Core.17.9.42-luna\lib\net40\Bridge.xml" to "C:\Users\Admin\Downloads\7.1.0\pipeline\templates\LunaCompiler\Scripts\bin\Debug\Bridge.xml".

  Copying file from "C:\Users\Admin\Downloads\7.1.0\pipeline\templates\LunaCompiler\packages\com.unity.urp\7.6\UnityEngine.UniversalRenderPipeline.dll" to "C:\Users\Admin\Downloads\7.1.0\pipeline\templates\LunaCompiler\Scripts\bin\Debug\UnityEngine.UniversalRenderPipeline.dll".

  Copying file from "C:\Users\Admin\Downloads\7.1.0\pipeline\templates\LunaCompiler\packages\Bridge.WebGL.1.22.0\lib\net40\Bridge.WebGL.xml" to "C:\Users\Admin\Downloads\7.1.0\pipeline\templates\LunaCompiler\Scripts\bin\Debug\Bridge.WebGL.xml".

  Copying file from "C:\Users\Admin\Downloads\7.1.0\pipeline\templates\LunaCompiler\packages\Bridge.Newtonsoft.Json.1.16.0\lib\net40\Newtonsoft.Json.xml" to "C:\Users\Admin\Downloads\7.1.0\pipeline\templates\LunaCompiler\Scripts\bin\Debug\Newtonsoft.Json.xml".

  Copying file from "C:\Users\Admin\Downloads\7.1.0\pipeline\templates\LunaCompiler\packages\Retyped.Core.1.6.6733\lib\net40\Retyped.Core.xml" to "C:\Users\Admin\Downloads\7.1.0\pipeline\templates\LunaCompiler\Scripts\bin\Debug\Retyped.Core.xml".

  Copying file from "C:\Users\Admin\Downloads\7.1.0\pipeline\templates\LunaCompiler\packages\Retyped.dom.2.8.6733\lib\net40\Retyped.dom.xml" to "C:\Users\Admin\Downloads\7.1.0\pipeline\templates\LunaCompiler\Scripts\bin\Debug\Retyped.dom.xml".

  Copying file from "C:\Users\Admin\Downloads\7.1.0\pipeline\templates\LunaCompiler\packages\Retyped.es5.2.8.6733\lib\net40\Retyped.es5.xml" to "C:\Users\Admin\Downloads\7.1.0\pipeline\templates\LunaCompiler\Scripts\bin\Debug\Retyped.es5.xml".

  Copying file from "C:\Users\Admin\Downloads\7.1.0\pipeline\templates\LunaCompiler\packages\Retyped.scripthost.2.8.6733\lib\net40\Retyped.scripthost.xml" to "C:\Users\Admin\Downloads\7.1.0\pipeline\templates\LunaCompiler\Scripts\bin\Debug\Retyped.scripthost.xml".

  Creating "C:\Users\Admin\Downloads\7.1.0\pipeline\templates\LunaCompiler\Scripts\obj\Debug\Scripts.csproj.Up2Date" because "AlwaysCreate" was specified.

  Touching "C:\Users\Admin\Downloads\7.1.0\pipeline\templates\LunaCompiler\Scripts\obj\Debug\Scripts.csproj.Up2Date".

CopyFilesToOutputDirectory:
  Copying file from "C:\Users\Admin\Downloads\7.1.0\pipeline\templates\LunaCompiler\Scripts\obj\Debug\UnityScriptsCompiler.dll" to "C:\Users\Admin\Downloads\7.1.0\pipeline\templates\LunaCompiler\Scripts\bin\Debug\UnityScriptsCompiler.dll".

  Scripts -> C:\Users\Admin\Downloads\7.1.0\pipeline\templates\LunaCompiler\Scripts\bin\Debug\UnityScriptsCompiler.dll

  Copying file from "C:\Users\Admin\Downloads\7.1.0\pipeline\templates\LunaCompiler\Scripts\obj\Debug\UnityScriptsCompiler.pdb" to "C:\Users\Admin\Downloads\7.1.0\pipeline\templates\LunaCompiler\Scripts\bin\Debug\UnityScriptsCompiler.pdb".

BridgeNetCompilerTask:
  Bridge started

      To enable detailed logging, configure "logging" in bridge.json.
      https://github.com/bridgedotnet/Bridge/wiki/global-configuration#logging

  Bridge done

Done Building Project "C:\Users\Admin\Downloads\7.1.0\pipeline\templates\LunaCompiler\Scripts\Scripts.csproj" (Rebuild target(s)).


Build succeeded.


"C:\Users\Admin\Downloads\7.1.0\pipeline\templates\LunaCompiler\Scripts\Scripts.csproj" (Rebuild target) (1) ->
(CoreCompile target) -> 
  D:\game\ply\LunaTemp\Assemblies\stage_2\decompiled\LTPHUONG\BroomTool.cs(12,22): warning CS0649: Field 'BroomTool.sweepParticle' is never assigned to, and will always have its default value null [C:\Users\Admin\Downloads\7.1.0\pipeline\templates\LunaCompiler\Scripts\Scripts.csproj]
  D:\game\ply\LunaTemp\Assemblies\stage_2\decompiled\LTPHUONG\UIButtonPulse.cs(14,25): warning CS0649: Field 'UIButtonPulse.imageRect' is never assigned to, and will always have its default value null [C:\Users\Admin\Downloads\7.1.0\pipeline\templates\LunaCompiler\Scripts\Scripts.csproj]
  D:\game\ply\LunaTemp\Assemblies\stage_2\decompiled\LTPHUONG\AudioManager.cs(15,21): warning CS0649: Field 'AudioManager.bgmClip' is never assigned to, and will always have its default value null [C:\Users\Admin\Downloads\7.1.0\pipeline\templates\LunaCompiler\Scripts\Scripts.csproj]

  D:\game\ply\LunaTemp\Assemblies\stage_2\decompiled\LTPHUONG\UIButtonPulse.cs(11,18): warning CS0649: Field 'UIButtonPulse.button' is never assigned to, and will always have its default value null [C:\Users\Admin\Downloads\7.1.0\pipeline\templates\LunaCompiler\Scripts\Scripts.csproj]
  D:\game\ply\LunaTemp\Assemblies\stage_2\decompiled\LTPHUONG\ClickMoveToPoint.cs(22,17): warning CS0649: Field 'ClickMoveToPoint.squashDelay' is never assigned to, and will always have its default value 0 [C:\Users\Admin\Downloads\7.1.0\pipeline\templates\LunaCompiler\Scripts\Scripts.csproj]
  D:\game\ply\LunaTemp\Assemblies\stage_2\decompiled\LTPHUONG\Item.cs(22,21): warning CS0649: Field 'Item.pickSfx' is never assigned to, and will always have its default value null [C:\Users\Admin\Downloads\7.1.0\pipeline\templates\LunaCompiler\Scripts\Scripts.csproj]
  D:\game\ply\LunaTemp\Assemblies\stage_2\decompiled\LTPHUONG\ItemGroup.cs(14,22): warning CS0649: Field 'ItemGroup.onAllCorrect' is never assigned to, and will always have its default value null [C:\Users\Admin\Downloads\7.1.0\pipeline\templates\LunaCompiler\Scripts\Scripts.csproj]
  D:\game\ply\LunaTemp\Assemblies\stage_2\decompiled\LTPHUONG\Item.cs(15,25): warning CS0649: Field 'Item.requiredPlaceholders' is never assigned to, and will always have its default value null [C:\Users\Admin\Downloads\7.1.0\pipeline\templates\LunaCompiler\Scripts\Scripts.csproj]
  D:\game\ply\LunaTemp\Assemblies\stage_2\decompiled\LTPHUONG\SquashStretchEffect.cs(21,26): warning CS0649: Field 'SquashStretchEffect.vfx' is never assigned to, and will always have its default value null [C:\Users\Admin\Downloads\7.1.0\pipeline\templates\LunaCompiler\Scripts\Scripts.csproj]
  D:\game\ply\LunaTemp\Assemblies\stage_2\decompiled\LTPHUONG\ItemGroup.cs(17,21): warning CS0649: Field 'ItemGroup.allCorrectSfx' is never assigned to, and will always have its default value null [C:\Users\Admin\Downloads\7.1.0\pipeline\templates\LunaCompiler\Scripts\Scripts.csproj]
  D:\game\ply\LunaTemp\Assemblies\stage_2\decompiled\LTPHUONG\TutorialHand.cs(25,26): warning CS0649: Field 'TutorialHand.handSprite' is never assigned to, and will always have its default value null [C:\Users\Admin\Downloads\7.1.0\pipeline\templates\LunaCompiler\Scripts\Scripts.csproj]
  D:\game\ply\LunaTemp\Assemblies\stage_2\decompiled\LTPHUONG\RevealImage.cs(13,20): warning CS0649: Field 'RevealImage.revealMaterial' is never assigned to, and will always have its default value null [C:\Users\Admin\Downloads\7.1.0\pipeline\templates\LunaCompiler\Scripts\Scripts.csproj]
  D:\game\ply\LunaTemp\Assemblies\stage_2\decompiled\LTPHUONG\ToolBase.cs(11,21): warning CS0649: Field 'ToolBase.inPoint' is never assigned to, and will always have its default value null [C:\Users\Admin\Downloads\7.1.0\pipeline\templates\LunaCompiler\Scripts\Scripts.csproj]
  D:\game\ply\LunaTemp\Assemblies\stage_2\decompiled\LTPHUONG\RevealPen.cs(8,21): warning CS0649: Field 'RevealPen.penTip' is never assigned to, and will always have its default value null [C:\Users\Admin\Downloads\7.1.0\pipeline\templates\LunaCompiler\Scripts\Scripts.csproj]
  D:\game\ply\LunaTemp\Assemblies\stage_2\decompiled\LTPHUONG\DragSpeedSound.cs(13,23): warning CS0649: Field 'DragSpeedSound.audioSource' is never assigned to, and will always have its default value null [C:\Users\Admin\Downloads\7.1.0\pipeline\templates\LunaCompiler\Scripts\Scripts.csproj]
  D:\game\ply\LunaTemp\Assemblies\stage_2\decompiled\LTPHUONG\ClickMoveToPoint.cs(39,22): warning CS0649: Field 'ClickMoveToPoint.onCompleted' is never assigned to, and will always have its default value null [C:\Users\Admin\Downloads\7.1.0\pipeline\templates\LunaCompiler\Scripts\Scripts.csproj]
  D:\game\ply\LunaTemp\Assemblies\stage_2\decompiled\LTPHUONG\RevealTutorialManager.cs(22,24): warning CS0649: Field 'RevealTutorialManager.hand' is never assigned to, and will always have its default value null [C:\Users\Admin\Downloads\7.1.0\pipeline\templates\LunaCompiler\Scripts\Scripts.csproj]

  D:\game\ply\LunaTemp\Assemblies\stage_2\decompiled\LTPHUONG\RevealImage.cs(31,21): warning CS0649: Field 'RevealImage.completeSfx' is never assigned to, and will always have its default value null [C:\Users\Admin\Downloads\7.1.0\pipeline\templates\LunaCompiler\Scripts\Scripts.csproj]
  D:\game\ply\LunaTemp\Assemblies\stage_2\decompiled\LTPHUONG\AudioManager.cs(9,23): warning CS0649: Field 'AudioManager.sfxAudioSource' is never assigned to, and will always have its default value null [C:\Users\Admin\Downloads\7.1.0\pipeline\templates\LunaCompiler\Scripts\Scripts.csproj]
  D:\game\ply\LunaTemp\Assemblies\stage_2\decompiled\LTPHUONG\DragSpeedSound.cs(16,22): warning CS0649: Field 'DragSpeedSound.particleObject' is never assigned to, and will always have its default value null [C:\Users\Admin\Downloads\7.1.0\pipeline\templates\LunaCompiler\Scripts\Scripts.csproj]
  D:\game\ply\LunaTemp\Assemblies\stage_2\decompiled\LTPHUONG\BroomTool.cs(9,21): warning CS0649: Field 'BroomTool.sweepPoint' is never assigned to, and will always have its default value null [C:\Users\Admin\Downloads\7.1.0\pipeline\templates\LunaCompiler\Scripts\Scripts.csproj]
  D:\game\ply\LunaTemp\Assemblies\stage_2\decompiled\LTPHUONG\CounterEvent.cs(17,21): warning CS0649: Field 'CounterEvent.sfx' is never assigned to, and will always have its default value null [C:\Users\Admin\Downloads\7.1.0\pipeline\templates\LunaCompiler\Scripts\Scripts.csproj]
  D:\game\ply\LunaTemp\Assemblies\stage_2\decompiled\LTPHUONG\PlayVFX.cs(8,26): warning CS0649: Field 'PlayVFX.vfx' is never assigned to, and will always have its default value null [C:\Users\Admin\Downloads\7.1.0\pipeline\templates\LunaCompiler\Scripts\Scripts.csproj]
  D:\game\ply\LunaTemp\Assemblies\stage_2\decompiled\LTPHUONG\ClickMoveToPoint.cs(11,21): warning CS0649: Field 'ClickMoveToPoint.targetPoint' is never assigned to, and will always have its default value null [C:\Users\Admin\Downloads\7.1.0\pipeline\templates\LunaCompiler\Scripts\Scripts.csproj]
  D:\game\ply\LunaTemp\Assemblies\stage_2\decompiled\LTPHUONG\ClickMoveToPoint.cs(32,17): warning CS0649: Field 'ClickMoveToPoint.moveBackDelay' is never assigned to, and will always have its default value 0 [C:\Users\Admin\Downloads\7.1.0\pipeline\templates\LunaCompiler\Scripts\Scripts.csproj]
  D:\game\ply\LunaTemp\Assemblies\stage_2\decompiled\LTPHUONG\RevealTutorialManager.cs(33,22): warning CS0649: Field 'RevealTutorialManager.dragSteps' is never assigned to, and will always have its default value null [C:\Users\Admin\Downloads\7.1.0\pipeline\templates\LunaCompiler\Scripts\Scripts.csproj]
  D:\game\ply\LunaTemp\Assemblies\stage_2\decompiled\LTPHUONG\RevealImage.cs(25,16): warning CS0649: Field 'RevealImage.eraseMode' is never assigned to, and will always have its default value false [C:\Users\Admin\Downloads\7.1.0\pipeline\templates\LunaCompiler\Scripts\Scripts.csproj]
  D:\game\ply\LunaTemp\Assemblies\stage_2\decompiled\LTPHUONG\Item.cs(47,26): warning CS0649: Field 'Item.dragHighlight' is never assigned to, and will always have its default value null [C:\Users\Admin\Downloads\7.1.0\pipeline\templates\LunaCompiler\Scripts\Scripts.csproj]
  D:\game\ply\LunaTemp\Assemblies\stage_2\decompiled\LTPHUONG\Item.cs(12,25): warning CS0649: Field 'Item.validPlaceholders' is never assigned to, and will always have its default value null [C:\Users\Admin\Downloads\7.1.0\pipeline\templates\LunaCompiler\Scripts\Scripts.csproj]
  D:\game\ply\LunaTemp\Assemblies\stage_2\decompiled\LTPHUONG\AudioManager.cs(12,23): warning CS0649: Field 'AudioManager.bgmAudioSource' is never assigned to, and will always have its default value null [C:\Users\Admin\Downloads\7.1.0\pipeline\templates\LunaCompiler\Scripts\Scripts.csproj]
  D:\game\ply\LunaTemp\Assemblies\stage_2\decompiled\LTPHUONG\SquashStretchEffect.cs(18,21): warning CS0649: Field 'SquashStretchEffect.sfx' is never assigned to, and will always have its default value null [C:\Users\Admin\Downloads\7.1.0\pipeline\templates\LunaCompiler\Scripts\Scripts.csproj]
  D:\game\ply\LunaTemp\Assemblies\stage_2\decompiled\LTPHUONG\ClickMoveToPoint.cs(36,22): warning CS0649: Field 'ClickMoveToPoint.onStartMoving' is never assigned to, and will always have its default value null [C:\Users\Admin\Downloads\7.1.0\pipeline\templates\LunaCompiler\Scripts\Scripts.csproj]
  D:\game\ply\LunaTemp\Assemblies\stage_2\decompiled\LTPHUONG\PlayVFX.cs(11,21): warning CS0649: Field 'PlayVFX.audioClip' is never assigned to, and will always have its default value null [C:\Users\Admin\Downloads\7.1.0\pipeline\templates\LunaCompiler\Scripts\Scripts.csproj]
  D:\game\ply\LunaTemp\Assemblies\stage_2\decompiled\LTPHUONG\SquashStretchEffect.cs(9,17): warning CS0649: Field 'SquashStretchEffect.delay' is never assigned to, and will always have its default value 0 [C:\Users\Admin\Downloads\7.1.0\pipeline\templates\
LunaCompiler\Scripts\Scripts.csproj]
  D:\game\ply\LunaTemp\Assemblies\stage_2\decompiled\LTPHUONG\UIButtonPulse.cs(27,19): warning CS0649: Field 'UIButtonPulse.landscapeImagePos' is never assigned to, and will always have its default value [C:\Users\Admin\Downloads\7.1.0\pipeline\templates\LunaCompiler\Scripts\Scripts.csproj]
  D:\game\ply\LunaTemp\Assemblies\stage_2\decompiled\LTPHUONG\CounterEvent.cs(14,17): warning CS0649: Field 'CounterEvent.delay' is never assigned to, and will always have its default value 0 [C:\Users\Admin\Downloads\7.1.0\pipeline\templates\LunaCompiler\Scripts\Scripts.csproj]
  D:\game\ply\LunaTemp\Assemblies\stage_2\decompiled\LTPHUONG\RevealImage.cs(10,26): warning CS0649: Field 'RevealImage.spriteRenderer' is never assigned to, and will always have its default value null [C:\Users\Admin\Downloads\7.1.0\pipeline\templates\LunaCompiler\Scripts\Scripts.csproj]
  D:\game\ply\LunaTemp\Assemblies\stage_2\decompiled\LTPHUONG\ClickMoveToPoint.cs(19,16): warning CS0649: Field 'ClickMoveToPoint.useSquashStretch' is never assigned to, and will always have its default value false [C:\Users\Admin\Downloads\7.1.0\pipeline\templates\LunaCompiler\Scripts\Scripts.csproj]
  D:\game\ply\LunaTemp\Assemblies\stage_2\decompiled\LTPHUONG\ClickMoveToPoint.cs(15,21): warning CS0649: Field 'ClickMoveToPoint.moveSfx' is never assigned to, and will always have its default value null [C:\Users\Admin\Downloads\7.1.0\pipeline\templates\LunaCompiler\Scripts\Scripts.csproj]
  D:\game\ply\LunaTemp\Assemblies\stage_2\decompiled\LTPHUONG\ToolBase.cs(14,21): warning CS0649: Field 'ToolBase.outPoint' is never assigned to, and will always have its default value null [C:\Users\Admin\Downloads\7.1.0\pipeline\templates\LunaCompiler\Scripts\Scripts.csproj]
  D:\game\ply\LunaTemp\Assemblies\stage_2\decompiled\LTPHUONG\ClickMoveToPoint.cs(42,22): warning CS0649: Field 'ClickMoveToPoint.onMoveBackCompleted' is never assigned to, and will always have its default value null [C:\Users\Admin\Downloads\7.1.0\pipeline\templates\LunaCompiler\Scripts\Scripts.csproj]
  D:\game\ply\LunaTemp\Assemblies\stage_2\decompiled\LTPHUONG\RevealPen.cs(11,25): warning CS0649: Field 'RevealPen.revealImages' is never assigned to, and will always have its default value null [C:\Users\Admin\Downloads\7.1.0\pipeline\templates\LunaCompiler\Scripts\Scripts.csproj]
  D:\game\ply\LunaTemp\Assemblies\stage_2\decompiled\LTPHUONG\UIButtonPulse.cs(30,19): warning CS0649: Field 'UIButtonPulse.landscapeButtonPos' is never assigned to, and will always have its default value [C:\Users\Admin\Downloads\7.1.0\pipeline\templates\LunaCompiler\Scripts\Scripts.csproj]
  D:\game\ply\LunaTemp\Assemblies\stage_2\decompiled\LTPHUONG\RevealTutorialManager.cs(29,21): warning CS0649: Field 'RevealTutorialManager.clickTarget' is never assigned to, and will always have its default value null [C:\Users\Admin\Downloads\7.1.0\pipeline\templates\LunaCompiler\Scripts\Scripts.csproj]
  D:\game\ply\LunaTemp\Assemblies\stage_2\decompiled\LTPHUONG\TutorialHand.cs(10,21): warning CS0649: Field 'TutorialHand.point' is never assigned to, and will always have its default value null [C:\Users\Admin\Downloads\7.1.0\pipeline\templates\LunaCompiler\Scripts\Scripts.csproj]
  D:\game\ply\LunaTemp\Assemblies\stage_2\decompiled\LTPHUONG\Placeholder.cs(18,17): warning CS0414: The field 'Placeholder.blinkDuration' is assigned but its value is never used [C:\Users\Admin\Downloads\7.1.0\pipeline\templates\LunaCompiler\Scripts\Scripts.csproj]

    46 Warning(s)
    0 Error(s)

Time Elapsed 00:00:09.66

Source code compiled successfully!
﻿
[ error ] $﻿
Diagnostics gathered successfully
[ Stage3 ] Code compiled and bundled successfully.
[ Stage4 ] Target platform: playground
[ Stage4 ] Package bundled successfully
[ Stage4 ] Package uploaded successfully
